<?xml version="1.0" encoding="UTF-8"?>
<!-- Generated by org.testng.reporters.JUnitXMLReporter -->
<testsuite ignored="0" hostname="Rumaisa" failures="0" tests="5" name="Default test" time="52.088" errors="0" timestamp="2024-11-05T22:40:07 IST">
  <testcase classname="testpkg.Lumatest" name="test1" time="6.949"/>
  <testcase classname="testpkg.Lumatest" name="test2" time="23.142"/>
  <testcase classname="testpkg.Lumatest" name="test3" time="9.364"/>
  <testcase classname="testpkg.Lumatest" name="test4" time="0.164"/>
  <testcase classname="testpkg.Lumatest" name="test5" time="4.838"/>
</testsuite> <!-- Default test -->
