<?xml version="1.0" encoding="UTF-8"?>
<testng-results ignored="0" total="5" passed="5" failed="0" skipped="0">
  <reporter-output>
  </reporter-output>
  <suite started-at="2024-11-05T22:39:14 IST" name="Default suite" finished-at="2024-11-05T22:40:07 IST" duration-ms="52088">
    <groups>
    </groups>
    <test started-at="2024-11-05T22:39:14 IST" name="Default test" finished-at="2024-11-05T22:40:07 IST" duration-ms="52088">
      <class name="testpkg.Lumatest">
        <test-method is-config="true" signature="setup()[pri:0, instance:testpkg.Lumatest@5b1669c0]" started-at="2024-11-05T22:39:14 IST" name="setup" finished-at="2024-11-05T22:39:22 IST" duration-ms="7545" status="PASS">
          <reporter-output>
          </reporter-output>
        </test-method> <!-- setup -->
        <test-method signature="test1()[pri:1, instance:testpkg.Lumatest@5b1669c0]" started-at="2024-11-05T22:39:22 IST" name="test1" finished-at="2024-11-05T22:39:29 IST" duration-ms="6949" status="PASS">
          <reporter-output>
          </reporter-output>
        </test-method> <!-- test1 -->
        <test-method signature="test2()[pri:2, instance:testpkg.Lumatest@5b1669c0]" started-at="2024-11-05T22:39:29 IST" name="test2" finished-at="2024-11-05T22:39:52 IST" duration-ms="23142" status="PASS">
          <reporter-output>
          </reporter-output>
        </test-method> <!-- test2 -->
        <test-method signature="test3()[pri:3, instance:testpkg.Lumatest@5b1669c0]" started-at="2024-11-05T22:39:52 IST" name="test3" finished-at="2024-11-05T22:40:02 IST" duration-ms="9364" status="PASS">
          <reporter-output>
          </reporter-output>
        </test-method> <!-- test3 -->
        <test-method signature="test4()[pri:4, instance:testpkg.Lumatest@5b1669c0]" started-at="2024-11-05T22:40:02 IST" name="test4" finished-at="2024-11-05T22:40:02 IST" duration-ms="164" status="PASS">
          <reporter-output>
          </reporter-output>
        </test-method> <!-- test4 -->
        <test-method signature="test5()[pri:5, instance:testpkg.Lumatest@5b1669c0]" started-at="2024-11-05T22:40:02 IST" name="test5" finished-at="2024-11-05T22:40:07 IST" duration-ms="4838" status="PASS">
          <reporter-output>
          </reporter-output>
        </test-method> <!-- test5 -->
      </class> <!-- testpkg.Lumatest -->
    </test> <!-- Default test -->
  </suite> <!-- Default suite -->
</testng-results>
